Arguments: 
  /usr/bin/node /usr/bin/yarn install

PATH: 
  /home/daniel/.config/composer/vendor/bin:/usr/local/bin:/usr/bin:/var/lib/snapd/snap/bin:/root/.dotnet/tools

Yarn version: 
  1.22.10

Node version: 
  15.11.0

Platform: 
  linux x64

Trace: 
  SyntaxError: /home/daniel/proyectos_dev/proyectos_react/react_web/webpack/profile-card-component-main/package.json: Unexpected token } in JSON at position 1113
      at JSON.parse (<anonymous>)
      at /usr/lib/node_modules/yarn/lib/cli.js:1625:59
      at Generator.next (<anonymous>)
      at step (/usr/lib/node_modules/yarn/lib/cli.js:310:30)
      at /usr/lib/node_modules/yarn/lib/cli.js:321:13

npm manifest: 
  {
    "version": "1.0.0",
    "main": "index.js",
    "scripts": {
      "now-build": "npm run build",
      "build": "webpack",
      "lint": "standard",
      "dev": "webpack-dev-server --history-api-fallback",
      "serve:dev": "webpack --mode 'development' && npx serve dist -s",
      "dev:hmr": "webpack-dev-server --hot"
    },
    "keywords": [],
    "author": "Daniel Rivas",
    "license": "ISC",
    "devDependencies": {
      "@babel/core": "^7.4.5",
      "@babel/plugin-syntax-dynamic-import": "^7.2.0",
      "@babel/preset-env": "^7.4.5",
      "@babel/preset-react": "^7.0.0",
      "autoprefixer": "^10.2.4",
      "babel-eslint": "^10.0.1",
      "babel-loader": "^8.0.6",
      "css-loader": "^5.1.1",
      "html-webpack-plugin": "^3.2.0",
      "mini-css-extract-plugin": "^1.3.9",
      "postcss-cli": "^8.2.0",
      "postcss-loader": "^4.2.0",
      "standard": "^12.0.1",
      "style-loader": "^2.0.0",
      "tailwindcss": "^2.0.3",
      "webpack": "^4.33.0",
      "webpack-cli": "^3.3.3",
      "webpack-dev-server": "^3.7.1",
      "workbox-webpack-plugin": "^4.3.1"
    },
    "dependencies": {
      "react": "^17.0.1",
      "react-dom": "^17.0.1",
    },
    "standard": {
      "ignore": [
        "/api/**"
      ]
    },
    "eslintConfig": {
      "parser": "babel-eslint",
      "extends": [
        "./node_modules/standard/eslintrc.json"
      ]
    }
  }

yarn manifest: 
  No manifest

Lockfile: 
  No lockfile
